Session Data: Array
(
)

Session Data: Array
(
)

Session Data: Array
(
)

Session Data: Array
(
)

Session Data: Array
(
)

Session Data: Array
(
)

Session Data: Array
(
)

Session Data: Array
(
)

Session Data: Array
(
)

Session Data: Array
(
)

Session Data: Array
(
)

Session Data: Array
(
)

Session Data: Array
(
)

Session Data: Array
(
)

Session Data: Array
(
)

Session Data: Array
(
)

Session Data: Array
(
)

Session Data: Array
(
)

Session Data: Array
(
)

Session Data: Array
(
)

Session Data: Array
(
)

Session Data: Array
(
)

Session Data: Array
(
)

Session Data: Array
(
)

Session Data: Array
(
)

Session Data: Array
(
)

Session Data: Array
(
)

Session Data: Array
(
)

Session Data: Array
(
)

Session Data: Array
(
)

Session Data: Array
(
)

Session Data: Array
(
)

Session Data: Array
(
)

Session Data: Array
(
)

Session Data: Array
(
)

Received: eid=0, account_number=, ifsc_code=
Received: eid=0, account_number=, ifsc_code=
Received: eid=0, account_number=, ifsc_code=
Received: eid=0, account_number=, ifsc_code=
Received: eid=0, account_number=, ifsc_code=
Received: eid=0, account_number=, ifsc_code=
Received: eid=0, account_number=, ifsc_code=
Received: eid=0, account_number=, ifsc_code=
Received: eid=0, account_number=, ifsc_code=
Received: eid=0, account_number=, ifsc_code=
Received: eid=0, account_number=, ifsc_code=
Received: eid=0, account_number=, ifsc_code=
Received: eid=11, account_number=112233445566, ifsc_code=IFSC91011
Received: eid=0, account_number=, ifsc_code=
Received: eid=11, account_number=1122334455, ifsc_code=IFSC91011
Received: eid=0, account_number=, ifsc_code=
Received: eid=11, account_number=112233445566, ifsc_code=IFSC91011
